/tmp/modwork_a9PyjZ
Mod files: "./4e9f637eac015a263e5b9d01d73083c2e5bcc096a117ef1e1d7c792d2cf79b98.mod"

Creating 'x86_64' directory for .o files.

 -> [32mCompiling[0m mod_func.cpp
 -> [32mNMODL[0m ../4e9f637eac015a263e5b9d01d73083c2e5bcc096a117ef1e1d7c792d2cf79b98.mod
Translating 4e9f637eac015a263e5b9d01d73083c2e5bcc096a117ef1e1d7c792d2cf79b98.mod into /tmp/modwork_a9PyjZ/x86_64/4e9f637eac015a263e5b9d01d73083c2e5bcc096a117ef1e1d7c792d2cf79b98.c
NEURON's CVode method ignores conservation
Thread Safe
 -> [32mCompiling[0m 4e9f637eac015a263e5b9d01d73083c2e5bcc096a117ef1e1d7c792d2cf79b98.c
 => [32mLINKING[0m shared library ./libnrnmech.so
 => [32mLINKING[0m executable ./special LDFLAGS are:    -pthread /home/imc33/.conda/envs/nn/lib/libreadline.so -Wl,-rpath,/home/imc33/.conda/envs/nn/lib /home/imc33/.conda/envs/nn/lib/libncurses.so -Wl,-rpath,/home/imc33/.conda/envs/nn/lib /home/imc33/.conda/envs/nn/lib/libform.so -Wl,-rpath,/home/imc33/.conda/envs/nn/lib /home/imc33/.conda/envs/nn/lib/libX11.so -Wl,-rpath,/home/imc33/.conda/envs/nn/lib /home/imc33/.conda/envs/nn/lib/libXext.so -Wl,-rpath,/home/imc33/.conda/envs/nn/lib
Successfully created x86_64/special
Compilation succeeded. Running simulation...
Warning: no DISPLAY environment variable.
--No graphics will be displayed.
Traceback (most recent call last):
  File "/gpfs/gibbs/project/mcdougal/imc33/mod-extract/code/_get_mod_dynamics.py", line 274, in <module>
    results = run_sim(mod_file_path, voltage, doplot=True)
              ^^^^^^^^^^^^^^^^^^^^^^^^^^^^^^^^^^^^^^^^^^^^
  File "/gpfs/gibbs/project/mcdougal/imc33/mod-extract/code/_get_mod_dynamics.py", line 57, in run_sim
    raise ValueError(f"SUFFIX not found in {mod_file_path}")
ValueError: SUFFIX not found in /gpfs/gibbs/project/mcdougal/imc33/mod-extract/data/raw/nmodl/4e9f637eac015a263e5b9d01d73083c2e5bcc096a117ef1e1d7c792d2cf79b98.mod
