/tmp/modwork_i8fGgj
Mod files: "./55a9eb2be2367ff045e9e1c0fd12f38fcd5d9af1376388c0e614e4a4378e2638.mod"

Creating 'x86_64' directory for .o files.

 -> [32mCompiling[0m mod_func.cpp
 -> [32mNMODL[0m ../55a9eb2be2367ff045e9e1c0fd12f38fcd5d9af1376388c0e614e4a4378e2638.mod
Translating 55a9eb2be2367ff045e9e1c0fd12f38fcd5d9af1376388c0e614e4a4378e2638.mod into /tmp/modwork_i8fGgj/x86_64/55a9eb2be2367ff045e9e1c0fd12f38fcd5d9af1376388c0e614e4a4378e2638.c
Notice: Use of POINTER is not thread safe.
Notice: This mechanism cannot be used with CVODE
 -> [32mCompiling[0m 55a9eb2be2367ff045e9e1c0fd12f38fcd5d9af1376388c0e614e4a4378e2638.c
 => [32mLINKING[0m shared library ./libnrnmech.so
 => [32mLINKING[0m executable ./special LDFLAGS are:    -pthread /home/imc33/.conda/envs/nn/lib/libreadline.so -Wl,-rpath,/home/imc33/.conda/envs/nn/lib /home/imc33/.conda/envs/nn/lib/libncurses.so -Wl,-rpath,/home/imc33/.conda/envs/nn/lib /home/imc33/.conda/envs/nn/lib/libform.so -Wl,-rpath,/home/imc33/.conda/envs/nn/lib /home/imc33/.conda/envs/nn/lib/libX11.so -Wl,-rpath,/home/imc33/.conda/envs/nn/lib /home/imc33/.conda/envs/nn/lib/libXext.so -Wl,-rpath,/home/imc33/.conda/envs/nn/lib
Successfully created x86_64/special
Compilation succeeded. Running simulation...
Warning: no DISPLAY environment variable.
--No graphics will be displayed.
Traceback (most recent call last):
  File "/gpfs/gibbs/project/mcdougal/imc33/mod-extract/code/_get_mod_dynamics.py", line 274, in <module>
    results = run_sim(mod_file_path, voltage, doplot=True)
              ^^^^^^^^^^^^^^^^^^^^^^^^^^^^^^^^^^^^^^^^^^^^
  File "/gpfs/gibbs/project/mcdougal/imc33/mod-extract/code/_get_mod_dynamics.py", line 57, in run_sim
    raise ValueError(f"SUFFIX not found in {mod_file_path}")
ValueError: SUFFIX not found in /gpfs/gibbs/project/mcdougal/imc33/mod-extract/data/raw/nmodl/55a9eb2be2367ff045e9e1c0fd12f38fcd5d9af1376388c0e614e4a4378e2638.mod
