/tmp/modwork_FJaTeQ
Mod files: "./5c23676a8bfe034d7e71157693b5e250d1a9c4ec74f4418d62e97978446307f3.mod"

Creating 'x86_64' directory for .o files.

 -> [32mCompiling[0m mod_func.cpp
 -> [32mNMODL[0m ../5c23676a8bfe034d7e71157693b5e250d1a9c4ec74f4418d62e97978446307f3.mod
Translating 5c23676a8bfe034d7e71157693b5e250d1a9c4ec74f4418d62e97978446307f3.mod into /tmp/modwork_FJaTeQ/x86_64/5c23676a8bfe034d7e71157693b5e250d1a9c4ec74f4418d62e97978446307f3.c
Thread Safe
 -> [32mCompiling[0m 5c23676a8bfe034d7e71157693b5e250d1a9c4ec74f4418d62e97978446307f3.c
 => [32mLINKING[0m shared library ./libnrnmech.so
 => [32mLINKING[0m executable ./special LDFLAGS are:    -pthread /home/imc33/.conda/envs/nn/lib/libreadline.so -Wl,-rpath,/home/imc33/.conda/envs/nn/lib /home/imc33/.conda/envs/nn/lib/libncurses.so -Wl,-rpath,/home/imc33/.conda/envs/nn/lib /home/imc33/.conda/envs/nn/lib/libform.so -Wl,-rpath,/home/imc33/.conda/envs/nn/lib /home/imc33/.conda/envs/nn/lib/libX11.so -Wl,-rpath,/home/imc33/.conda/envs/nn/lib /home/imc33/.conda/envs/nn/lib/libXext.so -Wl,-rpath,/home/imc33/.conda/envs/nn/lib
Successfully created x86_64/special
Compilation succeeded. Running simulation...
Warning: no DISPLAY environment variable.
--No graphics will be displayed.
Traceback (most recent call last):
  File "/gpfs/gibbs/project/mcdougal/imc33/mod-extract/code/_get_mod_dynamics.py", line 274, in <module>
    results = run_sim(mod_file_path, voltage, doplot=True)
              ^^^^^^^^^^^^^^^^^^^^^^^^^^^^^^^^^^^^^^^^^^^^
  File "/gpfs/gibbs/project/mcdougal/imc33/mod-extract/code/_get_mod_dynamics.py", line 57, in run_sim
    raise ValueError(f"SUFFIX not found in {mod_file_path}")
ValueError: SUFFIX not found in /gpfs/gibbs/project/mcdougal/imc33/mod-extract/data/raw/nmodl/5c23676a8bfe034d7e71157693b5e250d1a9c4ec74f4418d62e97978446307f3.mod
