/tmp/modwork_39kpkI
Mod files: "./5e4b832a9d613f10e62fa85e5897064080ca972366d7f6d06543d29794ce1bf3.mod"

Creating 'x86_64' directory for .o files.

 -> [32mCompiling[0m mod_func.cpp
 -> [32mNMODL[0m ../5e4b832a9d613f10e62fa85e5897064080ca972366d7f6d06543d29794ce1bf3.mod
Translating 5e4b832a9d613f10e62fa85e5897064080ca972366d7f6d06543d29794ce1bf3.mod into /tmp/modwork_39kpkI/x86_64/5e4b832a9d613f10e62fa85e5897064080ca972366d7f6d06543d29794ce1bf3.c
Notice: Use of POINTER is not thread safe.
Notice: VERBATIM blocks are not thread safe
Notice: Assignment to the GLOBAL variable, "Rtau", is not thread safe
Notice: Assignment to the GLOBAL variable, "Rinf", is not thread safe
 -> [32mCompiling[0m 5e4b832a9d613f10e62fa85e5897064080ca972366d7f6d06543d29794ce1bf3.c
 => [32mLINKING[0m shared library ./libnrnmech.so
 => [32mLINKING[0m executable ./special LDFLAGS are:    -pthread /home/imc33/.conda/envs/nn/lib/libreadline.so -Wl,-rpath,/home/imc33/.conda/envs/nn/lib /home/imc33/.conda/envs/nn/lib/libncurses.so -Wl,-rpath,/home/imc33/.conda/envs/nn/lib /home/imc33/.conda/envs/nn/lib/libform.so -Wl,-rpath,/home/imc33/.conda/envs/nn/lib /home/imc33/.conda/envs/nn/lib/libX11.so -Wl,-rpath,/home/imc33/.conda/envs/nn/lib /home/imc33/.conda/envs/nn/lib/libXext.so -Wl,-rpath,/home/imc33/.conda/envs/nn/lib
Successfully created x86_64/special
Compilation succeeded. Running simulation...
Warning: no DISPLAY environment variable.
--No graphics will be displayed.
Traceback (most recent call last):
  File "/gpfs/gibbs/project/mcdougal/imc33/mod-extract/code/_get_mod_dynamics.py", line 274, in <module>
    results = run_sim(mod_file_path, voltage, doplot=True)
              ^^^^^^^^^^^^^^^^^^^^^^^^^^^^^^^^^^^^^^^^^^^^
  File "/gpfs/gibbs/project/mcdougal/imc33/mod-extract/code/_get_mod_dynamics.py", line 57, in run_sim
    raise ValueError(f"SUFFIX not found in {mod_file_path}")
ValueError: SUFFIX not found in /gpfs/gibbs/project/mcdougal/imc33/mod-extract/data/raw/nmodl/5e4b832a9d613f10e62fa85e5897064080ca972366d7f6d06543d29794ce1bf3.mod
