/tmp/modwork_QUC1ST
Mod files: "./a02ff182eefdc688f3f98afc01715f824f225d18c7a639d819e7c4cf182e7f33.mod"

Creating 'x86_64' directory for .o files.

 -> [32mCompiling[0m mod_func.cpp
 -> [32mNMODL[0m ../a02ff182eefdc688f3f98afc01715f824f225d18c7a639d819e7c4cf182e7f33.mod
Translating a02ff182eefdc688f3f98afc01715f824f225d18c7a639d819e7c4cf182e7f33.mod into /tmp/modwork_QUC1ST/x86_64/a02ff182eefdc688f3f98afc01715f824f225d18c7a639d819e7c4cf182e7f33.c
Notice: scop_random is not thread safe
Warning: dt undefined. (declared within VERBATIM?)
WARNING: Dimensions may be wrong for READ ica with POINT_PROCESS
WARNING: Dimensions may be wrong for READ ica with POINT_PROCESS
WARNING: Dimensions may be wrong for READ ica with POINT_PROCESS
WARNING: Dimensions may be wrong for READ ica with POINT_PROCESS
WARNING: Dimensions may be wrong for READ ica with POINT_PROCESS
 -> [32mCompiling[0m a02ff182eefdc688f3f98afc01715f824f225d18c7a639d819e7c4cf182e7f33.c
 => [32mLINKING[0m shared library ./libnrnmech.so
 => [32mLINKING[0m executable ./special LDFLAGS are:    -pthread /home/imc33/.conda/envs/nn/lib/libreadline.so -Wl,-rpath,/home/imc33/.conda/envs/nn/lib /home/imc33/.conda/envs/nn/lib/libncurses.so -Wl,-rpath,/home/imc33/.conda/envs/nn/lib /home/imc33/.conda/envs/nn/lib/libform.so -Wl,-rpath,/home/imc33/.conda/envs/nn/lib /home/imc33/.conda/envs/nn/lib/libX11.so -Wl,-rpath,/home/imc33/.conda/envs/nn/lib /home/imc33/.conda/envs/nn/lib/libXext.so -Wl,-rpath,/home/imc33/.conda/envs/nn/lib
Successfully created x86_64/special
Compilation succeeded. Running simulation...
Warning: no DISPLAY environment variable.
--No graphics will be displayed.
Traceback (most recent call last):
  File "/gpfs/gibbs/project/mcdougal/imc33/mod-extract/code/_get_mod_dynamics.py", line 274, in <module>
    results = run_sim(mod_file_path, voltage, doplot=True)
              ^^^^^^^^^^^^^^^^^^^^^^^^^^^^^^^^^^^^^^^^^^^^
  File "/gpfs/gibbs/project/mcdougal/imc33/mod-extract/code/_get_mod_dynamics.py", line 57, in run_sim
    raise ValueError(f"SUFFIX not found in {mod_file_path}")
ValueError: SUFFIX not found in /gpfs/gibbs/project/mcdougal/imc33/mod-extract/data/raw/nmodl/a02ff182eefdc688f3f98afc01715f824f225d18c7a639d819e7c4cf182e7f33.mod
