/tmp/modwork_RcZjgU
Mod files: "./c96107f3e300fec5fd6e48cf72b2a9bfb60b82623c21b7abf6bf35f5812addae.mod"

Creating 'x86_64' directory for .o files.

 -> [32mCompiling[0m mod_func.cpp
 -> [32mNMODL[0m ../c96107f3e300fec5fd6e48cf72b2a9bfb60b82623c21b7abf6bf35f5812addae.mod
Translating c96107f3e300fec5fd6e48cf72b2a9bfb60b82623c21b7abf6bf35f5812addae.mod into /tmp/modwork_RcZjgU/x86_64/c96107f3e300fec5fd6e48cf72b2a9bfb60b82623c21b7abf6bf35f5812addae.c
Notice: Use of POINTER is not thread safe.
Notice: This mechanism cannot be used with CVODE
 -> [32mCompiling[0m c96107f3e300fec5fd6e48cf72b2a9bfb60b82623c21b7abf6bf35f5812addae.c
 => [32mLINKING[0m shared library ./libnrnmech.so
 => [32mLINKING[0m executable ./special LDFLAGS are:    -pthread /home/imc33/.conda/envs/nn/lib/libreadline.so -Wl,-rpath,/home/imc33/.conda/envs/nn/lib /home/imc33/.conda/envs/nn/lib/libncurses.so -Wl,-rpath,/home/imc33/.conda/envs/nn/lib /home/imc33/.conda/envs/nn/lib/libform.so -Wl,-rpath,/home/imc33/.conda/envs/nn/lib /home/imc33/.conda/envs/nn/lib/libX11.so -Wl,-rpath,/home/imc33/.conda/envs/nn/lib /home/imc33/.conda/envs/nn/lib/libXext.so -Wl,-rpath,/home/imc33/.conda/envs/nn/lib
Successfully created x86_64/special
Compilation succeeded. Running simulation...
Warning: no DISPLAY environment variable.
--No graphics will be displayed.
Traceback (most recent call last):
  File "/gpfs/gibbs/project/mcdougal/imc33/mod-extract/code/_get_mod_dynamics.py", line 274, in <module>
    results = run_sim(mod_file_path, voltage, doplot=True)
              ^^^^^^^^^^^^^^^^^^^^^^^^^^^^^^^^^^^^^^^^^^^^
  File "/gpfs/gibbs/project/mcdougal/imc33/mod-extract/code/_get_mod_dynamics.py", line 57, in run_sim
    raise ValueError(f"SUFFIX not found in {mod_file_path}")
ValueError: SUFFIX not found in /gpfs/gibbs/project/mcdougal/imc33/mod-extract/data/raw/nmodl/c96107f3e300fec5fd6e48cf72b2a9bfb60b82623c21b7abf6bf35f5812addae.mod
