/tmp/modwork_U4obkE
Mod files: "./8f902ff7ef5ecd47895907036d31f34ed1396ecccf5046fda94f4d0b3007e2e3.mod"

Creating 'x86_64' directory for .o files.

 -> [32mCompiling[0m mod_func.cpp
 -> [32mNMODL[0m ../8f902ff7ef5ecd47895907036d31f34ed1396ecccf5046fda94f4d0b3007e2e3.mod
Translating 8f902ff7ef5ecd47895907036d31f34ed1396ecccf5046fda94f4d0b3007e2e3.mod into /tmp/modwork_U4obkE/x86_64/8f902ff7ef5ecd47895907036d31f34ed1396ecccf5046fda94f4d0b3007e2e3.c
Notice: VERBATIM blocks are not thread safe
Notice: This mechanism cannot be used with CVODE
Warning: BnlDev_RNG undefined. (declared within VERBATIM?)
Notice: Assignment to the GLOBAL variable, "P_b", is not thread safe
Notice: Assignment to the GLOBAL variable, "P_a", is not thread safe
Notice: Assignment to the GLOBAL variable, "a", is not thread safe
Notice: Assignment to the GLOBAL variable, "b", is not thread safe
Notice: Assignment to the GLOBAL variable, "ntau", is not thread safe
Notice: Assignment to the GLOBAL variable, "ninf", is not thread safe
Notice: Assignment to the GLOBAL variable, "tadj", is not thread safe
 -> [32mCompiling[0m 8f902ff7ef5ecd47895907036d31f34ed1396ecccf5046fda94f4d0b3007e2e3.c
 => [32mLINKING[0m shared library ./libnrnmech.so
 => [32mLINKING[0m executable ./special LDFLAGS are:    -pthread /home/imc33/.conda/envs/nn/lib/libreadline.so -Wl,-rpath,/home/imc33/.conda/envs/nn/lib /home/imc33/.conda/envs/nn/lib/libncurses.so -Wl,-rpath,/home/imc33/.conda/envs/nn/lib /home/imc33/.conda/envs/nn/lib/libform.so -Wl,-rpath,/home/imc33/.conda/envs/nn/lib /home/imc33/.conda/envs/nn/lib/libX11.so -Wl,-rpath,/home/imc33/.conda/envs/nn/lib /home/imc33/.conda/envs/nn/lib/libXext.so -Wl,-rpath,/home/imc33/.conda/envs/nn/lib
Successfully created x86_64/special
Compilation succeeded. Running simulation...
Warning: no DISPLAY environment variable.
--No graphics will be displayed.
dlopen failed - 
x86_64/.libs/libnrnmech.so: undefined symbol: BnlDev_RNG
Could not insert skca as a distributed mechanism: argument not a density mechanism name.
Traceback (most recent call last):
  File "/gpfs/gibbs/project/mcdougal/imc33/mod-extract/code/_get_mod_dynamics.py", line 60, in run_sim
    soma.insert(suffix)
ValueError: argument not a density mechanism name.

During handling of the above exception, another exception occurred:

Traceback (most recent call last):
  File "/gpfs/gibbs/project/mcdougal/imc33/mod-extract/code/_get_mod_dynamics.py", line 66, in run_sim
    chan = getattr(h, suffix)(soma(0.5))
           ^^^^^^^^^^^^^^^^^^
AttributeError: 'hoc.HocObject' object has no attribute 'skca'

During handling of the above exception, another exception occurred:

Traceback (most recent call last):
  File "/gpfs/gibbs/project/mcdougal/imc33/mod-extract/code/_get_mod_dynamics.py", line 274, in <module>
    results = run_sim(mod_file_path, voltage, doplot=True)
              ^^^^^^^^^^^^^^^^^^^^^^^^^^^^^^^^^^^^^^^^^^^^
  File "/gpfs/gibbs/project/mcdougal/imc33/mod-extract/code/_get_mod_dynamics.py", line 69, in run_sim
    raise RuntimeError(f"Failed to instantiate {suffix} as point process too: {e2}")
RuntimeError: Failed to instantiate skca as point process too: 'hoc.HocObject' object has no attribute 'skca'
