/tmp/modwork_kr3vov
Mod files: "./e0e1b72f4ea8bb05b924ab1f3049a36ecbad6e395d9fdb7442a711c1b8885e11.mod"

Creating 'x86_64' directory for .o files.

 -> [32mCompiling[0m mod_func.cpp
 -> [32mNMODL[0m ../e0e1b72f4ea8bb05b924ab1f3049a36ecbad6e395d9fdb7442a711c1b8885e11.mod
Translating e0e1b72f4ea8bb05b924ab1f3049a36ecbad6e395d9fdb7442a711c1b8885e11.mod into /tmp/modwork_kr3vov/x86_64/e0e1b72f4ea8bb05b924ab1f3049a36ecbad6e395d9fdb7442a711c1b8885e11.c
Notice: adrunge is not thread safe. Complain to Hines
Notice: Assignment to the GLOBAL variable, "m_inf", is not thread safe
Notice: Assignment to the GLOBAL variable, "tau_m", is not thread safe
Warning: Default 36 of PARAMETER celsius will be ignored and set by NEURON.
Warning: Default 5e-05 of PARAMETER cai will be ignored and set by NEURON.
 -> [32mCompiling[0m e0e1b72f4ea8bb05b924ab1f3049a36ecbad6e395d9fdb7442a711c1b8885e11.c
 => [32mLINKING[0m shared library ./libnrnmech.so
 => [32mLINKING[0m executable ./special LDFLAGS are:    -pthread /home/imc33/.conda/envs/nn/lib/libreadline.so -Wl,-rpath,/home/imc33/.conda/envs/nn/lib /home/imc33/.conda/envs/nn/lib/libncurses.so -Wl,-rpath,/home/imc33/.conda/envs/nn/lib /home/imc33/.conda/envs/nn/lib/libform.so -Wl,-rpath,/home/imc33/.conda/envs/nn/lib /home/imc33/.conda/envs/nn/lib/libX11.so -Wl,-rpath,/home/imc33/.conda/envs/nn/lib /home/imc33/.conda/envs/nn/lib/libXext.so -Wl,-rpath,/home/imc33/.conda/envs/nn/lib
Successfully created x86_64/special
Compilation succeeded. Running simulation...
Warning: no DISPLAY environment variable.
--No graphics will be displayed.
at line 84 in file e0e1b72f4ea8bb05b924ab1f3049a36ecbad6e395d9fdb7442a711c1b8885e11.mod:
	SOLVE states
Error at section location soma(0.5)
NEURON: scopmath library error
 near line 0
 ^
        fadvance()
      advance()
    step()
  continuerun(3000)
temperature = 22.0, mechanism type = density
temperature = 22.0
The increment in the independent variable is less than machine roundoff error
Traceback (most recent call last):
  File "/gpfs/gibbs/project/mcdougal/imc33/mod-extract/code/_get_mod_dynamics.py", line 274, in <module>
    results = run_sim(mod_file_path, voltage, doplot=True)
              ^^^^^^^^^^^^^^^^^^^^^^^^^^^^^^^^^^^^^^^^^^^^
  File "/gpfs/gibbs/project/mcdougal/imc33/mod-extract/code/_get_mod_dynamics.py", line 88, in run_sim
    h.continuerun(3000)  # ms
    ^^^^^^^^^^^^^^^^^^^
RuntimeError: hocobj_call error
