/tmp/modwork_qHS6AS
Mod files: "./9f7b58409347519ab38846b3012869f9e3c441ac8c8cd432c6d3ef03b7a21309.mod"

Creating 'x86_64' directory for .o files.

 -> [32mCompiling[0m mod_func.cpp
 -> [32mNMODL[0m ../9f7b58409347519ab38846b3012869f9e3c441ac8c8cd432c6d3ef03b7a21309.mod
Translating 9f7b58409347519ab38846b3012869f9e3c441ac8c8cd432c6d3ef03b7a21309.mod into /tmp/modwork_qHS6AS/x86_64/9f7b58409347519ab38846b3012869f9e3c441ac8c8cd432c6d3ef03b7a21309.c
Notice: Assignment to the GLOBAL variable, "inf", is not thread safe
Notice: Assignment to the GLOBAL variable, "s_inf", is not thread safe
Notice: Assignment to the GLOBAL variable, "tau_m", is not thread safe
 -> [32mCompiling[0m 9f7b58409347519ab38846b3012869f9e3c441ac8c8cd432c6d3ef03b7a21309.c
 => [32mLINKING[0m shared library ./libnrnmech.so
 => [32mLINKING[0m executable ./special LDFLAGS are:    -pthread /home/imc33/.conda/envs/nn/lib/libreadline.so -Wl,-rpath,/home/imc33/.conda/envs/nn/lib /home/imc33/.conda/envs/nn/lib/libncurses.so -Wl,-rpath,/home/imc33/.conda/envs/nn/lib /home/imc33/.conda/envs/nn/lib/libform.so -Wl,-rpath,/home/imc33/.conda/envs/nn/lib /home/imc33/.conda/envs/nn/lib/libX11.so -Wl,-rpath,/home/imc33/.conda/envs/nn/lib /home/imc33/.conda/envs/nn/lib/libXext.so -Wl,-rpath,/home/imc33/.conda/envs/nn/lib
Successfully created x86_64/special
Compilation succeeded. Running simulation...
Warning: no DISPLAY environment variable.
--No graphics will be displayed.
Traceback (most recent call last):
  File "/gpfs/gibbs/project/mcdougal/imc33/mod-extract/code/_get_mod_dynamics.py", line 274, in <module>
    results = run_sim(mod_file_path, voltage, doplot=True)
              ^^^^^^^^^^^^^^^^^^^^^^^^^^^^^^^^^^^^^^^^^^^^
  File "/gpfs/gibbs/project/mcdougal/imc33/mod-extract/code/_get_mod_dynamics.py", line 71, in run_sim
    baseline_temp = get_baseline_temperature(mod_file_path)
                    ^^^^^^^^^^^^^^^^^^^^^^^^^^^^^^^^^^^^^^^
  File "/gpfs/gibbs/project/mcdougal/imc33/mod-extract/code/_get_mod_dynamics.py", line 25, in get_baseline_temperature
    baseline = float(number) if sign == '-' else -float(number)
                                                  ^^^^^^^^^^^^^
ValueError: could not convert string to float: '+'
