/tmp/modwork_MTLJ8B
Mod files: "./2d48e869ba4d7f6bc608e4fa38e541f1bae1fa246eaaaacb7ead6d4aefd1b210.mod"

Creating 'x86_64' directory for .o files.

 -> [32mCompiling[0m mod_func.cpp
 -> [32mNMODL[0m ../2d48e869ba4d7f6bc608e4fa38e541f1bae1fa246eaaaacb7ead6d4aefd1b210.mod
Translating 2d48e869ba4d7f6bc608e4fa38e541f1bae1fa246eaaaacb7ead6d4aefd1b210.mod into /tmp/modwork_MTLJ8B/x86_64/2d48e869ba4d7f6bc608e4fa38e541f1bae1fa246eaaaacb7ead6d4aefd1b210.c
Thread Safe
 -> [32mCompiling[0m 2d48e869ba4d7f6bc608e4fa38e541f1bae1fa246eaaaacb7ead6d4aefd1b210.c
 => [32mLINKING[0m shared library ./libnrnmech.so
 => [32mLINKING[0m executable ./special LDFLAGS are:    -pthread /home/imc33/.conda/envs/nn/lib/libreadline.so -Wl,-rpath,/home/imc33/.conda/envs/nn/lib /home/imc33/.conda/envs/nn/lib/libncurses.so -Wl,-rpath,/home/imc33/.conda/envs/nn/lib /home/imc33/.conda/envs/nn/lib/libform.so -Wl,-rpath,/home/imc33/.conda/envs/nn/lib /home/imc33/.conda/envs/nn/lib/libX11.so -Wl,-rpath,/home/imc33/.conda/envs/nn/lib /home/imc33/.conda/envs/nn/lib/libXext.so -Wl,-rpath,/home/imc33/.conda/envs/nn/lib
Successfully created x86_64/special
Compilation succeeded. Running simulation...
Warning: no DISPLAY environment variable.
--No graphics will be displayed.
NEURON: table not specified in hoc_func_table
 near line 0
 ^
        fadvance()
      advance()
    step()
  continuerun(3000)
temperature = 6.3, mechanism type = density
temperature = 6.3
Traceback (most recent call last):
  File "/gpfs/gibbs/project/mcdougal/imc33/mod-extract/code/_get_mod_dynamics.py", line 274, in <module>
    results = run_sim(mod_file_path, voltage, doplot=True)
              ^^^^^^^^^^^^^^^^^^^^^^^^^^^^^^^^^^^^^^^^^^^^
  File "/gpfs/gibbs/project/mcdougal/imc33/mod-extract/code/_get_mod_dynamics.py", line 88, in run_sim
    h.continuerun(3000)  # ms
    ^^^^^^^^^^^^^^^^^^^
RuntimeError: hocobj_call error
