/tmp/modwork_ISkNTz
Mod files: "./8eb4d734fab7de07267a3049d84112f949e19679e750263055e90d5383b3ebf5.mod"

Creating 'x86_64' directory for .o files.

 -> [32mCompiling[0m mod_func.cpp
 -> [32mNMODL[0m ../8eb4d734fab7de07267a3049d84112f949e19679e750263055e90d5383b3ebf5.mod
Translating 8eb4d734fab7de07267a3049d84112f949e19679e750263055e90d5383b3ebf5.mod into /tmp/modwork_ISkNTz/x86_64/8eb4d734fab7de07267a3049d84112f949e19679e750263055e90d5383b3ebf5.c
Thread Safe
 -> [32mCompiling[0m 8eb4d734fab7de07267a3049d84112f949e19679e750263055e90d5383b3ebf5.c
 => [32mLINKING[0m shared library ./libnrnmech.so
 => [32mLINKING[0m executable ./special LDFLAGS are:    -pthread /home/imc33/.conda/envs/nn/lib/libreadline.so -Wl,-rpath,/home/imc33/.conda/envs/nn/lib /home/imc33/.conda/envs/nn/lib/libncurses.so -Wl,-rpath,/home/imc33/.conda/envs/nn/lib /home/imc33/.conda/envs/nn/lib/libform.so -Wl,-rpath,/home/imc33/.conda/envs/nn/lib /home/imc33/.conda/envs/nn/lib/libX11.so -Wl,-rpath,/home/imc33/.conda/envs/nn/lib /home/imc33/.conda/envs/nn/lib/libXext.so -Wl,-rpath,/home/imc33/.conda/envs/nn/lib
Successfully created x86_64/special
Compilation succeeded. Running simulation...
Warning: no DISPLAY environment variable.
--No graphics will be displayed.
NEURON: table not specified in hoc_func_table
 near line 0
 ^
        finitialize(-65)
temperature = -273.16, mechanism type = density
temperature = -273.16
Traceback (most recent call last):
  File "/gpfs/gibbs/project/mcdougal/imc33/mod-extract/code/_get_mod_dynamics.py", line 274, in <module>
    results = run_sim(mod_file_path, voltage, doplot=True)
              ^^^^^^^^^^^^^^^^^^^^^^^^^^^^^^^^^^^^^^^^^^^^
  File "/gpfs/gibbs/project/mcdougal/imc33/mod-extract/code/_get_mod_dynamics.py", line 87, in run_sim
    h.finitialize(-65)  # mV
    ^^^^^^^^^^^^^^^^^^
RuntimeError: hocobj_call error
