123e4283498a834dd9a539b3cf8789fd6aa4c4d4e3f754827b37753d77e1ccd9,https://modeldb.science/getModelFile?model=58173&file=b05oct26/napRT03.mod,403 Client Error: Forbidden for url: https://modeldb.science/getModelFile?model=58173&file=b05oct26/napRT03.mod
e305d8d09c4304604697436072876d1e6188369e1b672fab4a2dd0da280467b0,https://modeldb.science/getModelFile?model=65218&file=nrntraub/mod/napf.mod,403 Client Error: Forbidden for url: https://modeldb.science/getModelFile?model=65218&file=nrntraub/mod/napf.mod
9bd6920e648b7098c63105ea47b1bb46b7396b59191b15d4af6492378a850f08,https://modeldb.science/getModelFile?model=38241&file=CA1_multi/mechanism/not-currently-used/it1.mod,403 Client Error: Forbidden for url: https://modeldb.science/getModelFile?model=38241&file=CA1_multi/mechanism/not-currently-used/it1.mod
780f6211fac1350c0125ae3e820f06e94c710d2e5e27271598efcd9cef85c2c6,None,Invalid URL 'None': No scheme supplied. Perhaps you meant https://None?
fcecb8a1c0f23ec3496ba53c568493ae07b3ee2d862752dbcc7734106826108b,https://modeldb.science/getModelFile?model=58173&file=b05oct26/intf.mod,403 Client Error: Forbidden for url: https://modeldb.science/getModelFile?model=58173&file=b05oct26/intf.mod
ae199f5fbb2be25de56e4299e0e57b428007c0b747b7721e193ccf93e28be233,https://modeldb.science/getModelFile?model=97882&file=TOM/klb2002/kx.mod,403 Client Error: Forbidden for url: https://modeldb.science/getModelFile?model=97882&file=TOM/klb2002/kx.mod
3643c1238ad48f995c13885163fb3297fd6ad5c086e525294667195c69db4ec2,https://modeldb.science/getModelFile?model=38229&file=nacaexch.mod,403 Client Error: Forbidden for url: https://modeldb.science/getModelFile?model=38229&file=nacaexch.mod
cdf33a558c7d30d4d3e669aee95a7fd10f02f17b5e008c95a1cf7676136256b8,https://modeldb.science/getModelFile?model=38229&file=nacaexch.mod,403 Client Error: Forbidden for url: https://modeldb.science/getModelFile?model=38229&file=nacaexch.mod
186f0d599217d07fca7ea343c4d0226fb1c312bd255d35c4b9384dd1faa4f49f,https://modeldb.science/getModelFile?model=58173&file=b05oct26/AMPA.mod,403 Client Error: Forbidden for url: https://modeldb.science/getModelFile?model=58173&file=b05oct26/AMPA.mod
995ba47205bc9c5003009fd6505e94711a57a00682387406f462efa241560976,https://modeldb.science/getModelFile?model=58173&file=b05oct26/AMPA.mod,403 Client Error: Forbidden for url: https://modeldb.science/getModelFile?model=58173&file=b05oct26/AMPA.mod
95d3ba19cbf0c8a0cf4192ca2c224cee9db99779f5b43d6b19163a066a629fb5,https://modeldb.science/getModelFile?model=38240&file=CA1/mechanism/powerpc/nap.mod,403 Client Error: Forbidden for url: https://modeldb.science/getModelFile?model=38240&file=CA1/mechanism/powerpc/nap.mod
b1e095fe46dd371c0de5fcd0bd6510668a805b4926847066c8e6b10d2a875209,https://modeldb.science/getModelFile?model=65218&file=nrntraub/mod/rampsyn.mod,403 Client Error: Forbidden for url: https://modeldb.science/getModelFile?model=65218&file=nrntraub/mod/rampsyn.mod
f18460b273ec2de53bedecee474bac54dddd511673053ce4d934ea57e7c2619e,https://modeldb.science/getModelFile?model=38241&file=CA1_multi/mechanism/not-currently-used/na3.mod,403 Client Error: Forbidden for url: https://modeldb.science/getModelFile?model=38241&file=CA1_multi/mechanism/not-currently-used/na3.mod
868b45e8ac5b41b37fa5d90bc97c9c371dec3a6c4f58dcd24737dcb1d11bf153,https://modeldb.science/getModelFile?model=65218&file=nrntraub/mod/pattern.mod,403 Client Error: Forbidden for url: https://modeldb.science/getModelFile?model=65218&file=nrntraub/mod/pattern.mod
c6b1bb4055dc2564b7a9bc5a3d8352bff4c61d7d2107689d943a790d7fe27861,https://modeldb.science/getModelFile?model=58173&file=b05oct26/nafRT03.mod,403 Client Error: Forbidden for url: https://modeldb.science/getModelFile?model=58173&file=b05oct26/nafRT03.mod
3aa85396a4b4ba904de49dc7ba78ade1ade16a95057a742c5b17b551a1e92af7,https://modeldb.science/getModelFile?model=65218&file=nrntraub/mod/cal.mod,403 Client Error: Forbidden for url: https://modeldb.science/getModelFile?model=65218&file=nrntraub/mod/cal.mod
41d3fa58c180414f67fc4a05f7ce5d034ecfa5ef0603e72df0c15cf2e27c8f41,https://modeldb.science/getModelFile?model=65218&file=nrntraub/mod/kc.mod,403 Client Error: Forbidden for url: https://modeldb.science/getModelFile?model=65218&file=nrntraub/mod/kc.mod
58ab31f433aba6ee39f89fd789fba32b740568d56b186efac55dad00baf7b783,https://modeldb.science/getModelFile?model=37970&file=ca3_2002/CAlM95.mod,403 Client Error: Forbidden for url: https://modeldb.science/getModelFile?model=37970&file=ca3_2002/CAlM95.mod
177acd0bd683070c70a7fc91920641903cf475db513fb1dde1107017f42d574b,https://modeldb.science/getModelFile?model=65218&file=nrntraub/mod/cad.mod,403 Client Error: Forbidden for url: https://modeldb.science/getModelFile?model=65218&file=nrntraub/mod/cad.mod
25b50b5441b9a5492122214e0648e0529ec055f2d6e97b63969da7a3b4ade149,https://modeldb.science/getModelFile?model=58173&file=b05oct26/na.mod,403 Client Error: Forbidden for url: https://modeldb.science/getModelFile?model=58173&file=b05oct26/na.mod
f7d95795dfd1e86b1f3ae9371e866b6458b66332f92c4e4875e1689cbb28eb04,https://modeldb.science/getModelFile?model=38229&file=cahva_chan.mod,403 Client Error: Forbidden for url: https://modeldb.science/getModelFile?model=38229&file=cahva_chan.mod
01606a0519931e2eebf34af495570c9c59b7f8804db361f20e5bc589136ad697,None,Invalid URL 'None': No scheme supplied. Perhaps you meant https://None?
c6495feb77b1ac221323c7a57a7f7fa0ddc975035199ab369939ab630d4e3692,https://modeldb.science/getModelFile?model=38241&file=CA1_multi/mechanism/not-currently-used/Mykca.mod,403 Client Error: Forbidden for url: https://modeldb.science/getModelFile?model=38241&file=CA1_multi/mechanism/not-currently-used/Mykca.mod
2e153e1d0397d0bd69f35e3d2e038a87174bb3ae8e349b5a2e5f6926050a338b,https://modeldb.science/getModelFile?model=58173&file=b05oct26/k2RT03.mod,403 Client Error: Forbidden for url: https://modeldb.science/getModelFile?model=58173&file=b05oct26/k2RT03.mod
26d9a2663e03390b0739f6e7452ac7961042cbf6529f116851077574ad3d83d7,https://modeldb.science/getModelFile?model=38240&file=CA1/mechanism/pulses/pulsedistrib/ipulse2.mod,403 Client Error: Forbidden for url: https://modeldb.science/getModelFile?model=38240&file=CA1/mechanism/pulses/pulsedistrib/ipulse2.mod
6ae526927a3bcdc28dfa05ec2645ad0bfdc5410983646d206d10653d9af773cb,https://modeldb.science/getModelFile?model=65218&file=nrntraub/mod/ar.mod,403 Client Error: Forbidden for url: https://modeldb.science/getModelFile?model=65218&file=nrntraub/mod/ar.mod
2288b03f39a0f23047eddea0734ed369c8c07cedbb0e390b04ba57cf929f4a7f,None,Invalid URL 'None': No scheme supplied. Perhaps you meant https://None?
f60933c0e5bb055422a61f3f3468800cc69395b2dd73167b33b75bf763244fcd,https://modeldb.science/getModelFile?model=38241&file=CA1_multi/mechanism/not-currently-used/cacum.mod,403 Client Error: Forbidden for url: https://modeldb.science/getModelFile?model=38241&file=CA1_multi/mechanism/not-currently-used/cacum.mod
8596e5c0ce852ed0ed70347b076c5be0af6cf868ef64d984c5bce815cffb092a,https://modeldb.science/getModelFile?model=97882&file=TOM/klb/h.mod,403 Client Error: Forbidden for url: https://modeldb.science/getModelFile?model=97882&file=TOM/klb/h.mod
44b12de297a932248743df458adc1e87a8a17818d449d620d6728991621328e5,https://modeldb.science/getModelFile?model=38241&file=CA1_multi/mechanism/cad.mod,403 Client Error: Forbidden for url: https://modeldb.science/getModelFile?model=38241&file=CA1_multi/mechanism/cad.mod
a75c1e4cf436be6e6c3f2a1098a11fe2a2b897c1b5acf13f1bc5f3d69eb20988,https://modeldb.science/getModelFile?model=38241&file=CA1_multi/mechanism/not-currently-used/hh3_flei.mod,403 Client Error: Forbidden for url: https://modeldb.science/getModelFile?model=38241&file=CA1_multi/mechanism/not-currently-used/hh3_flei.mod
24f9fa135656f5ee32e10d678821e416f9bcc3ac2cf8aed88d8d1219d84d3438,https://modeldb.science/getModelFile?model=38241&file=CA1_multi/mechanism/not-currently-used/iq.mod,403 Client Error: Forbidden for url: https://modeldb.science/getModelFile?model=38241&file=CA1_multi/mechanism/not-currently-used/iq.mod
e6a9ae399e81453059ac0c89296c59d86329622fdf2690124c6632ce89abc5a1,https://modeldb.science/getModelFile?model=38241&file=CA1_multi/mechanism/not-currently-used/kca.mod,403 Client Error: Forbidden for url: https://modeldb.science/getModelFile?model=38241&file=CA1_multi/mechanism/not-currently-used/kca.mod
2b179cb58f555065d57ecb301fb818b4f923b2abc4b9641d8e48facf7278ed08,https://modeldb.science/getModelFile?model=38241&file=CA1_multi/mechanism/not-currently-used/cat.mod,403 Client Error: Forbidden for url: https://modeldb.science/getModelFile?model=38241&file=CA1_multi/mechanism/not-currently-used/cat.mod
0978dd48bf6103d96d2ceb77d21db38ec9379129f448c9dde3be27edb5510034,https://modeldb.science/getModelFile?model=65218&file=nrntraub/mod/kahp.mod,403 Client Error: Forbidden for url: https://modeldb.science/getModelFile?model=65218&file=nrntraub/mod/kahp.mod
e8ed6426124134ab13af6baa420fa66d6ed277fdc2835a00f4d0b360c51c6594,https://modeldb.science/getModelFile?model=38241&file=CA1_multi/mechanism/not-currently-used/borgkm.mod,403 Client Error: Forbidden for url: https://modeldb.science/getModelFile?model=38241&file=CA1_multi/mechanism/not-currently-used/borgkm.mod
35503372b3f74dddb7225d03d364d3e1de3e6bf186a8650c2fdfc0d77cf6715b,https://modeldb.science/getModelFile?model=37970&file=ca3_2002/KdBG.mod,403 Client Error: Forbidden for url: https://modeldb.science/getModelFile?model=37970&file=ca3_2002/KdBG.mod
bc69695efd0790b823bdf32fe0d79ecdf1fd5eaca96c0debe43fee8b8abbaa16,https://modeldb.science/getModelFile?model=156034&file=integration/Traub.mod,403 Client Error: Forbidden for url: https://modeldb.science/getModelFile?model=156034&file=integration/Traub.mod
a8ff6df6e5a0751e6d03c5e759fe0ce640e09553119c3dcc5f4547173748ac2f,https://modeldb.science/getModelFile?model=37970&file=ca3_2002/CAtM95.mod,403 Client Error: Forbidden for url: https://modeldb.science/getModelFile?model=37970&file=ca3_2002/CAtM95.mod
9880d8523ef04a91b560b0e51cfaefeecf575cf2bbd4c32db78c94cb2d222078,https://modeldb.science/getModelFile?model=38241&file=CA1_multi/mechanism/not-currently-used/h.mod,403 Client Error: Forbidden for url: https://modeldb.science/getModelFile?model=38241&file=CA1_multi/mechanism/not-currently-used/h.mod
848ed4254756ef364215f39ea7e40818a353e505219ddf4c31e939c99fedb1c6,https://modeldb.science/getModelFile?model=58173&file=b05oct26/arhRT03.mod,403 Client Error: Forbidden for url: https://modeldb.science/getModelFile?model=58173&file=b05oct26/arhRT03.mod
6dfa448c0d061f536f3bdbf99f9a7f3fe926fda40ed06694d18d6df74c728576,https://modeldb.science/getModelFile?model=38229&file=Ka_chan.mod,403 Client Error: Forbidden for url: https://modeldb.science/getModelFile?model=38229&file=Ka_chan.mod
ab15f897e8aa759c4adec5dbb7bc06bc08392b59cb886a07658077a722c1a428,https://modeldb.science/getModelFile?model=65218&file=nrntraub/mod/cat.mod,403 Client Error: Forbidden for url: https://modeldb.science/getModelFile?model=65218&file=nrntraub/mod/cat.mod
48a5913ce88bcf4b993b1830a33b9de495af31a7955872d11039644009454907,https://modeldb.science/getModelFile?model=58173&file=b05oct26/vecst.mod,403 Client Error: Forbidden for url: https://modeldb.science/getModelFile?model=58173&file=b05oct26/vecst.mod
952d600ce072fca6adb0cf0b8720f373c1a40984c66b2bce27bc4089a400b6f7,https://modeldb.science/getModelFile?model=58173&file=b05oct26/kdrp.mod,403 Client Error: Forbidden for url: https://modeldb.science/getModelFile?model=58173&file=b05oct26/kdrp.mod
6fdcd091c7968bdb1483391347db56988ef0a0747f043660a298d98e61d032b1,https://modeldb.science/getModelFile?model=37970&file=ca3_2002/KahpM95.mod,403 Client Error: Forbidden for url: https://modeldb.science/getModelFile?model=37970&file=ca3_2002/KahpM95.mod
143ba80de2b8cb1b7de1554d36350241460941cb99c21d1689345b50f33bf86c,https://modeldb.science/getModelFile?model=38241&file=CA1_multi/mechanism/not-currently-used/cad3.mod,403 Client Error: Forbidden for url: https://modeldb.science/getModelFile?model=38241&file=CA1_multi/mechanism/not-currently-used/cad3.mod
fe72eecbab51e35c6ef8954998a404257f4a4bb396e6e3c59e281649b1904e0d,https://modeldb.science/getModelFile?model=65218&file=nrntraub/mod/kahp_slower.mod,403 Client Error: Forbidden for url: https://modeldb.science/getModelFile?model=65218&file=nrntraub/mod/kahp_slower.mod
a007e3f6387aa13f60262a38e80f13d534fbbff852b1a1cc426d268372c4d355,https://modeldb.science/getModelFile?model=38241&file=CA1_multi/mechanism/not-currently-used/My_cal.mod,403 Client Error: Forbidden for url: https://modeldb.science/getModelFile?model=38241&file=CA1_multi/mechanism/not-currently-used/My_cal.mod
916047dea3b21c49f19334b50b29001563eef059c2e2f8f55e7daa59bc960524,None,Invalid URL 'None': No scheme supplied. Perhaps you meant https://None?
05cc7b7236c950ff2f60e7dab758c22d2c37838fc3bc2950e67637236a579144,https://modeldb.science/getModelFile?model=38241&file=CA1_multi/mechanism/not-currently-used/cachan.mod,403 Client Error: Forbidden for url: https://modeldb.science/getModelFile?model=38241&file=CA1_multi/mechanism/not-currently-used/cachan.mod
4c0a1059268295956a45b60c58d2c650519889a21244893525d1ee9ef8ea0893,https://modeldb.science/getModelFile?model=58173&file=b05oct26/kcRT03.mod,403 Client Error: Forbidden for url: https://modeldb.science/getModelFile?model=58173&file=b05oct26/kcRT03.mod
775521c3fdc8dcf83f1df0ec8ae51b4817ecfaeb6a71df9a015d7f42c32a3b69,https://modeldb.science/getModelFile?model=58173&file=b05oct26/catRT03.mod,403 Client Error: Forbidden for url: https://modeldb.science/getModelFile?model=58173&file=b05oct26/catRT03.mod
1ce8bf7fea69afc117cbf2dbba72c7c292c1536ac8d6f7f218dd4dc49737c347,https://modeldb.science/getModelFile?model=38229&file=nacum.mod,403 Client Error: Forbidden for url: https://modeldb.science/getModelFile?model=38229&file=nacum.mod
af6f9889dc89110c3421c8ca087556e0b0de49de73b764614249ca2398bf7af0,https://modeldb.science/getModelFile?model=116081&file=mod-Files/kv.mod,403 Client Error: Forbidden for url: https://modeldb.science/getModelFile?model=116081&file=mod-Files/kv.mod
39814531687deab23b930d37a2514be0e99b485b1a52622a7f54e397fbdf4798,https://modeldb.science/getModelFile?model=58173&file=b05oct26/nap.mod,403 Client Error: Forbidden for url: https://modeldb.science/getModelFile?model=58173&file=b05oct26/nap.mod
2c85be8786f27fb7d93532fb4aac80fdaaecfed49a9abbd50371bb0ebed74ced,https://modeldb.science/getModelFile?model=65218&file=nrntraub/mod/ampa.mod,403 Client Error: Forbidden for url: https://modeldb.science/getModelFile?model=65218&file=nrntraub/mod/ampa.mod
c3cd9e8d334fba4ab4c22c7973be75fb7a745422ffef0353f22ed427002e6ea6,https://modeldb.science/getModelFile?model=65218&file=nrntraub/mod/alphasynkint.mod,403 Client Error: Forbidden for url: https://modeldb.science/getModelFile?model=65218&file=nrntraub/mod/alphasynkint.mod
f8e7ad2ee7e74b21965e524c37d42b4ecaa93521c6850e90915297e9b9d06431,https://modeldb.science/getModelFile?model=38241&file=CA1_multi/mechanism/not-currently-used/ITGHK.mod,403 Client Error: Forbidden for url: https://modeldb.science/getModelFile?model=38241&file=CA1_multi/mechanism/not-currently-used/ITGHK.mod
93a3ec52a58f98a4bf285b2775b835b0d4b56723618c979cf7a4e85e8e760e4c,https://modeldb.science/getModelFile?model=65218&file=nrntraub/mod/napf_tcr.mod,403 Client Error: Forbidden for url: https://modeldb.science/getModelFile?model=65218&file=nrntraub/mod/napf_tcr.mod
f3a8a624159381352c70bf2ed5b02517a239daee057ecf4bc399b53f3159374a,https://modeldb.science/getModelFile?model=38240&file=CA1/mechanism/powerpc/kadist.mod,403 Client Error: Forbidden for url: https://modeldb.science/getModelFile?model=38240&file=CA1/mechanism/powerpc/kadist.mod
d63c13a1578d9f742c9326cb37d2530af5eba505844b72df68b0cb22ca3f71c1,https://modeldb.science/getModelFile?model=38229&file=cagk_chan.mod,403 Client Error: Forbidden for url: https://modeldb.science/getModelFile?model=38229&file=cagk_chan.mod
043c458ea1a6dced320e9c9de03039be44f3e2f1e01539756319e2eaf004ccc5,https://modeldb.science/getModelFile?model=38229&file=cacum.mod,403 Client Error: Forbidden for url: https://modeldb.science/getModelFile?model=38229&file=cacum.mod
f12accf8985fed9c2dc4c8aa82c5e1f16e0df3d417e19e886cad722159e8a19f,https://modeldb.science/getModelFile?model=38241&file=CA1_multi/mechanism/not-currently-used/namir.mod,403 Client Error: Forbidden for url: https://modeldb.science/getModelFile?model=38241&file=CA1_multi/mechanism/not-currently-used/namir.mod
360b7861863c38a5e1cc4fd16fc348eaf92db22fae23a49b4a2ec554f3b5c7c5,https://modeldb.science/getModelFile?model=58173&file=b05oct26/kdrRT03.mod,403 Client Error: Forbidden for url: https://modeldb.science/getModelFile?model=58173&file=b05oct26/kdrRT03.mod
4b11931dd346ef039587fbf4944f2ff15f0c64196c918fe7b57985ff76ee2898,https://modeldb.science/getModelFile?model=65218&file=nrntraub/mod/naf2.mod,403 Client Error: Forbidden for url: https://modeldb.science/getModelFile?model=65218&file=nrntraub/mod/naf2.mod
b529d2e4d1e1a7580a3d95be7d175ed49cd8e7917b78e917b0a2e8f317e3b9a8,https://modeldb.science/getModelFile?model=38241&file=CA1_multi/mechanism/not-currently-used/canKev.mod,403 Client Error: Forbidden for url: https://modeldb.science/getModelFile?model=38241&file=CA1_multi/mechanism/not-currently-used/canKev.mod
77c9f534d3362e9ad1b8effbd96728a6f4b9331d14c4bf657e9971fd46237a1e,https://modeldb.science/getModelFile?model=38229&file=kv31_chan.mod,403 Client Error: Forbidden for url: https://modeldb.science/getModelFile?model=38229&file=kv31_chan.mod
7785eaf1b388ee7083b21550ad2eaba089115d5cc033c9f603917440f9ea389d,https://modeldb.science/getModelFile?model=65218&file=nrntraub/mod/cat_a.mod,403 Client Error: Forbidden for url: https://modeldb.science/getModelFile?model=65218&file=nrntraub/mod/cat_a.mod
068ab7352beebf1dcd0bcd58e2b4b2c1178ee163aad5618819513236149dd374,https://modeldb.science/getModelFile?model=97882&file=TOM/klb/Leak.mod,403 Client Error: Forbidden for url: https://modeldb.science/getModelFile?model=97882&file=TOM/klb/Leak.mod
d2ce99ff852ed29394f2dbb0c40466fb052d6694a5849865dcdca39805c1c95b,https://modeldb.science/getModelFile?model=38239&file=test2levels/the2ndlevel/newchan.mod,403 Client Error: Forbidden for url: https://modeldb.science/getModelFile?model=38239&file=test2levels/the2ndlevel/newchan.mod
357a0ad9377577a4c98ca452153f141c8fb3caea90ad3185ddf96526999e23f7,https://modeldb.science/getModelFile?model=97882&file=TOM/klb/IinjLT.mod,403 Client Error: Forbidden for url: https://modeldb.science/getModelFile?model=97882&file=TOM/klb/IinjLT.mod
eeef67f58192f3faa597d8713ab5860a86fbacf589b38421b0e771a48650d46d,https://modeldb.science/getModelFile?model=38229&file=kext.mod,403 Client Error: Forbidden for url: https://modeldb.science/getModelFile?model=38229&file=kext.mod
a46bccc98e60396e1864149b82f30a6330bc5bb326b1ae64725b8e9e5ed22c00,https://modeldb.science/getModelFile?model=58173&file=b05oct26/kmRT03.mod,403 Client Error: Forbidden for url: https://modeldb.science/getModelFile?model=58173&file=b05oct26/kmRT03.mod
171157011ace4636753307644eaffb572eefeb39634331324e05727ee5ce52a3,https://modeldb.science/getModelFile?model=38241&file=CA1_multi/mechanism/not-currently-used/cadifusl.mod,403 Client Error: Forbidden for url: https://modeldb.science/getModelFile?model=38241&file=CA1_multi/mechanism/not-currently-used/cadifusl.mod
7c6e953fc6eda1f8c8b610968a5484c7cfc1bb3ffe66ca39b555cb199ee103b4,https://modeldb.science/getModelFile?model=58173&file=b05oct26/kca.mod,403 Client Error: Forbidden for url: https://modeldb.science/getModelFile?model=58173&file=b05oct26/kca.mod
5586794d987b24e9af9cf5e29ee3dc306690cef7b77b3e3f96d8d2def4c4f839,https://modeldb.science/getModelFile?model=38241&file=CA1_multi/mechanism/not-currently-used/nax.mod,403 Client Error: Forbidden for url: https://modeldb.science/getModelFile?model=38241&file=CA1_multi/mechanism/not-currently-used/nax.mod
600b1cd6f5b56392c16636cc4bc869b73de9d611a4c7309d10b52554cf9f34dd,https://modeldb.science/getModelFile?model=65218&file=nrntraub/mod/alphasyndiffeq.mod,403 Client Error: Forbidden for url: https://modeldb.science/getModelFile?model=65218&file=nrntraub/mod/alphasyndiffeq.mod
6376d19bccdf2e663eb688cf6814bc51463fa9114b5c9939b4eb8c2179803d8b,https://modeldb.science/getModelFile?model=37970&file=ca3_2002/KctBG99.mod,403 Client Error: Forbidden for url: https://modeldb.science/getModelFile?model=37970&file=ca3_2002/KctBG99.mod
516d1475857aab28b08859f1b73a6ed8b66816bd19359d1d52f414c2dc15a857,https://modeldb.science/getModelFile?model=65218&file=nrntraub/mod/kdr.mod,403 Client Error: Forbidden for url: https://modeldb.science/getModelFile?model=65218&file=nrntraub/mod/kdr.mod
b58fec296fd94b9c075feb161633462d2ca1fcd09651a08073b3d3dc9669f4ba,https://modeldb.science/getModelFile?model=58173&file=b05oct26/stats.mod,403 Client Error: Forbidden for url: https://modeldb.science/getModelFile?model=58173&file=b05oct26/stats.mod
5c308f873d518e99a2a9dfb91c49908de2fd6567a1ca5204ce0cba774f25c9b9,https://modeldb.science/getModelFile?model=37970&file=ca3_2002/CAnM95.mod,403 Client Error: Forbidden for url: https://modeldb.science/getModelFile?model=37970&file=ca3_2002/CAnM95.mod
843c741af698e26556b0603e6e0cd343c3f78564234f2db9f6793e58569117fb,https://modeldb.science/getModelFile?model=116081&file=mod-Files/na.mod,403 Client Error: Forbidden for url: https://modeldb.science/getModelFile?model=116081&file=mod-Files/na.mod
21046799f7d3ac1019f575ffce03a4d539a1ba45a58ef40e94a4066fc1a28cb5,https://modeldb.science/getModelFile?model=38235&file=CoHCNS2000/BKDNaDR.mod,403 Client Error: Forbidden for url: https://modeldb.science/getModelFile?model=38235&file=CoHCNS2000/BKDNaDR.mod
311561647f11651cf8e37c509ab44f91a322ff716961e1becfbc1518bbe8f69c,https://modeldb.science/getModelFile?model=38241&file=CA1_multi/mechanism/not-currently-used/it.mod,403 Client Error: Forbidden for url: https://modeldb.science/getModelFile?model=38241&file=CA1_multi/mechanism/not-currently-used/it.mod
f64b0ab15d0726e13f159fbe0122ef522ab24c1e3c5227692c68ac721ea83704,https://modeldb.science/getModelFile?model=38229&file=ionleak.mod,403 Client Error: Forbidden for url: https://modeldb.science/getModelFile?model=38229&file=ionleak.mod
013cad666ad5ef2d15f8bc7d300d4a455f8511c99fbb7ce96e207b4fea55c0a0,https://modeldb.science/getModelFile?model=97882&file=TOM/klb/Ca.mod,403 Client Error: Forbidden for url: https://modeldb.science/getModelFile?model=97882&file=TOM/klb/Ca.mod
60d29db9412374b3a662603c59c3988f14bc0df4754b211d12467b90cda15eab,https://modeldb.science/getModelFile?model=58173&file=b05oct26/calRT03.mod,403 Client Error: Forbidden for url: https://modeldb.science/getModelFile?model=58173&file=b05oct26/calRT03.mod
f62fe6cdafb48afe289c6c7aed5f5583ab79b3e632933d52c315506533852509,None,Invalid URL 'None': No scheme supplied. Perhaps you meant https://None?
15b4fd3db325264a62f381087a3936b7674343a80839253f68903904d87c0236,https://modeldb.science/getModelFile?model=58173&file=b05oct26/GABAa.mod,403 Client Error: Forbidden for url: https://modeldb.science/getModelFile?model=58173&file=b05oct26/GABAa.mod
d2916379cb717dbe243baccb7f8b5538b6a976417092e47b20b2cfc594a92da0,https://modeldb.science/getModelFile?model=65218&file=nrntraub/mod/rand.mod,403 Client Error: Forbidden for url: https://modeldb.science/getModelFile?model=65218&file=nrntraub/mod/rand.mod
e55f6809a8e956c350ed28428e1287161d3aff787487df723123ce9c6aafd587,https://modeldb.science/getModelFile?model=65218&file=nrntraub/mod/pulsesyn.mod,403 Client Error: Forbidden for url: https://modeldb.science/getModelFile?model=65218&file=nrntraub/mod/pulsesyn.mod
9244a8507da117e2cc043a98836634f8cc989c885e718d92a80c0a1c774cf63a,https://modeldb.science/getModelFile?model=65218&file=nrntraub/mod/naf.mod,403 Client Error: Forbidden for url: https://modeldb.science/getModelFile?model=65218&file=nrntraub/mod/naf.mod
fc33b1119c678ac5b3971a1e33eff5142bdc764e0fe9fcada9ade4c68c10f51a,https://modeldb.science/getModelFile?model=65218&file=nrntraub/mod/napf_spinstell.mod,403 Client Error: Forbidden for url: https://modeldb.science/getModelFile?model=65218&file=nrntraub/mod/napf_spinstell.mod
c7a54b747e1f2db0697400b0fa4f9824395fa69e575afbf817d3ffad8ce0e974,https://modeldb.science/getModelFile?model=38240&file=CA1/mechanism/pulses/pulsedistrib/ipulse1.mod,403 Client Error: Forbidden for url: https://modeldb.science/getModelFile?model=38240&file=CA1/mechanism/pulses/pulsedistrib/ipulse1.mod
6ec619c7fd759050f96d15587aeed01253dae9fded8518147f5db16e8ef3e1d7,https://modeldb.science/getModelFile?model=65218&file=nrntraub/mod/km.mod,403 Client Error: Forbidden for url: https://modeldb.science/getModelFile?model=65218&file=nrntraub/mod/km.mod
13cea4235ea4b3af6b5fc432f02cd5c79d7fdfd9385c018337fab3e51b97bcca,https://modeldb.science/getModelFile?model=38235&file=CoHCNS2000/ampa.mod,403 Client Error: Forbidden for url: https://modeldb.science/getModelFile?model=38235&file=CoHCNS2000/ampa.mod
84cac05fd252a545d73d4816a40ef5900846d3ad7d1610632c5b8df6ed7be758,None,Invalid URL 'None': No scheme supplied. Perhaps you meant https://None?
6ae7c1dd87c7afbf8e966a112150e67ecf151e95ee791ac7aeba572fa04ee490,None,Invalid URL 'None': No scheme supplied. Perhaps you meant https://None?
0ecb7565c50ffdeab7b451c96ffbe562a0167b7c85162985eeacec64fde7aff6,https://modeldb.science/getModelFile?model=38240&file=CA1/mechanism/powerpc/na3.mod,403 Client Error: Forbidden for url: https://modeldb.science/getModelFile?model=38240&file=CA1/mechanism/powerpc/na3.mod
76e8ca1d15544db6870e5d946a67b90394cca19eca80f184d76d6ad1ab86076f,https://modeldb.science/getModelFile?model=116081&file=mod-Files/kca.mod,403 Client Error: Forbidden for url: https://modeldb.science/getModelFile?model=116081&file=mod-Files/kca.mod
7c25c28494bf505634ca59f63676eff5c23b9ad0b734ee066d561f6bfe8223a2,https://modeldb.science/getModelFile?model=58173&file=b05oct26/cadecay.mod,403 Client Error: Forbidden for url: https://modeldb.science/getModelFile?model=58173&file=b05oct26/cadecay.mod
d7ecba1fc0a9b1df60bcbc02d67a8180a0d78a15e796ad8c3d8a3962d26f70ab,https://modeldb.science/getModelFile?model=58173&file=b05oct26/GABAb.mod,403 Client Error: Forbidden for url: https://modeldb.science/getModelFile?model=58173&file=b05oct26/GABAb.mod
11c5dd8ac0a462c5fa452fc3f61eb1446f72de255f627a6b643bd5c82eaaeb76,https://modeldb.science/getModelFile?model=38241&file=CA1_multi/mechanism/not-currently-used/calH.mod,403 Client Error: Forbidden for url: https://modeldb.science/getModelFile?model=38241&file=CA1_multi/mechanism/not-currently-used/calH.mod
d5422b7cd1e007b589dbe59b6d962da5e8a42d51e24694fba7c0fed879afc525,https://modeldb.science/getModelFile?model=38241&file=CA1_multi/mechanism/not-currently-used/hha.mod,403 Client Error: Forbidden for url: https://modeldb.science/getModelFile?model=38241&file=CA1_multi/mechanism/not-currently-used/hha.mod
9e1a7c0bbb5ef51ae0bc7af1a625b903e6e03e4de27ccb52b044d6d666b906c6,https://modeldb.science/getModelFile?model=116081&file=mod-Files/cad.mod,403 Client Error: Forbidden for url: https://modeldb.science/getModelFile?model=116081&file=mod-Files/cad.mod
cde7d49af2407fc9d12266592a86d435bc82df35439c29a64a0fe4ae62d8395c,https://modeldb.science/getModelFile?model=38241&file=CA1_multi/mechanism/not-currently-used/hh3.mod,403 Client Error: Forbidden for url: https://modeldb.science/getModelFile?model=38241&file=CA1_multi/mechanism/not-currently-used/hh3.mod
37afbe605fd50bea4f5f9abca7e2f0a20295547674cb4a231410c91b2a69f299,https://modeldb.science/getModelFile?model=37970&file=ca3_2002/KmM95.mod,403 Client Error: Forbidden for url: https://modeldb.science/getModelFile?model=37970&file=ca3_2002/KmM95.mod
cca6c477468ccd32738502d543686d83ee3971fa36438600e2e78b94e54630ed,https://modeldb.science/getModelFile?model=38241&file=CA1_multi/mechanism/not-currently-used/na.mod,403 Client Error: Forbidden for url: https://modeldb.science/getModelFile?model=38241&file=CA1_multi/mechanism/not-currently-used/na.mod
fd14b378dd1e25f4fbf9e92bcffa89281810da3e3694cdf46b7fefb08d8495f1,https://modeldb.science/getModelFile?model=38241&file=CA1_multi/mechanism/nmda.mod,403 Client Error: Forbidden for url: https://modeldb.science/getModelFile?model=38241&file=CA1_multi/mechanism/nmda.mod
cd1908c9f34e5cea89d2e75acd5b8fba780cfe6ce4bab37e96af3090295966f5,https://modeldb.science/getModelFile?model=65218&file=nrntraub/mod/ka.mod,403 Client Error: Forbidden for url: https://modeldb.science/getModelFile?model=65218&file=nrntraub/mod/ka.mod
15d3dce917434441b02020a923284410923b01d599a45f5faa6533dc7661064f,https://modeldb.science/getModelFile?model=65218&file=nrntraub/mod/ri.mod,403 Client Error: Forbidden for url: https://modeldb.science/getModelFile?model=65218&file=nrntraub/mod/ri.mod
61c66e3d2e3b9698718228eeaf41a8e630533f484ae238ded5a6e7ee38b0e47e,https://modeldb.science/getModelFile?model=65218&file=nrntraub/mod/nap.mod,403 Client Error: Forbidden for url: https://modeldb.science/getModelFile?model=65218&file=nrntraub/mod/nap.mod
07f03ec1500a283e06815584565a6657b3519affb52ad01f3de499e6b75b9cc5,https://modeldb.science/getModelFile?model=38241&file=CA1_multi/mechanism/not-currently-used/kad.mod,403 Client Error: Forbidden for url: https://modeldb.science/getModelFile?model=38241&file=CA1_multi/mechanism/not-currently-used/kad.mod
6f30a32a1083f2d25f1f655cf1a43ee8552f5011a7f449099ddac4e026bf82e8,https://modeldb.science/getModelFile?model=185115&file=gui_trace_creation/mod_nsgportal/cadecay2.mod,403 Client Error: Forbidden for url: https://modeldb.science/getModelFile?model=185115&file=gui_trace_creation/mod_nsgportal/cadecay2.mod
6c8d8f6933fc7b9fd126f376887131075540360cf9d58de27a1958b2fa03589e,https://modeldb.science/getModelFile?model=38241&file=CA1_multi/mechanism/not-currently-used/can2.mod,403 Client Error: Forbidden for url: https://modeldb.science/getModelFile?model=38241&file=CA1_multi/mechanism/not-currently-used/can2.mod
61fdc044305fb04e50dc820b259bd65780fd94b13b7c1247326ea43a58e804d4,https://modeldb.science/getModelFile?model=38241&file=CA1_multi/mechanism/not-currently-used/My_cat.mod,403 Client Error: Forbidden for url: https://modeldb.science/getModelFile?model=38241&file=CA1_multi/mechanism/not-currently-used/My_cat.mod
e37c88c88a3572f1aa814eb3ec9dda8e943df5490913be9c7cbaf0c968c2a759,https://modeldb.science/getModelFile?model=65218&file=nrntraub/mod/naf_tcr.mod,403 Client Error: Forbidden for url: https://modeldb.science/getModelFile?model=65218&file=nrntraub/mod/naf_tcr.mod
89c7d140c7fe1dcd6b3675d06eade3350b10b7510dba93a07c2e2c812651d1ff,https://modeldb.science/getModelFile?model=65218&file=nrntraub/mod/ka_ib.mod,403 Client Error: Forbidden for url: https://modeldb.science/getModelFile?model=65218&file=nrntraub/mod/ka_ib.mod
5c9689a96847c1959f6bb08901f44b97b662661dfac7f6b8673ed87cfff0b7ce,https://modeldb.science/getModelFile?model=38241&file=CA1_multi/mechanism/not-currently-used/Myca.mod,403 Client Error: Forbidden for url: https://modeldb.science/getModelFile?model=38241&file=CA1_multi/mechanism/not-currently-used/Myca.mod
1d26106bde62a89214504021b4ec858deb57ee52028cae2dcbba022684b25227,https://modeldb.science/getModelFile?model=38241&file=CA1_multi/mechanism/not-currently-used/ican.mod,403 Client Error: Forbidden for url: https://modeldb.science/getModelFile?model=38241&file=CA1_multi/mechanism/not-currently-used/ican.mod
913b084a5604e762db547ea104f61d884de92d582399599ab3b4f6426ca11f82,https://modeldb.science/getModelFile?model=38241&file=CA1_multi/mechanism/not-currently-used/kc.mod,403 Client Error: Forbidden for url: https://modeldb.science/getModelFile?model=38241&file=CA1_multi/mechanism/not-currently-used/kc.mod
cc7fb50f0bef3c33e792c9980bb9fe536222124f81d8a92582af1253ace7a677,https://modeldb.science/getModelFile?model=65218&file=nrntraub/mod/par_ggap.mod,403 Client Error: Forbidden for url: https://modeldb.science/getModelFile?model=65218&file=nrntraub/mod/par_ggap.mod
6ba581e929680f8400eb536082345c57e95ea57fa748c03d60c66ce76ad985a8,https://modeldb.science/getModelFile?model=38241&file=CA1_multi/mechanism/not-currently-used/kap.mod,403 Client Error: Forbidden for url: https://modeldb.science/getModelFile?model=38241&file=CA1_multi/mechanism/not-currently-used/kap.mod
14490618eefede6b1203f312a6ed868f5f6b2ba1ffb7ed603786d7d439832f22,https://modeldb.science/getModelFile?model=65218&file=nrntraub/mod/k2.mod,403 Client Error: Forbidden for url: https://modeldb.science/getModelFile?model=65218&file=nrntraub/mod/k2.mod
02e2f76da642fa88803852cb2d91803e61445d3d7feab2097ede2202bca1360f,https://modeldb.science/getModelFile?model=38241&file=CA1_multi/mechanism/not-currently-used/abbott.mod,403 Client Error: Forbidden for url: https://modeldb.science/getModelFile?model=38241&file=CA1_multi/mechanism/not-currently-used/abbott.mod
7b876a4d42ae28a21999f8d193054e5e0c894304c5547769fbbe44476c4ac56d,https://modeldb.science/getModelFile?model=38241&file=CA1_multi/mechanism/not-currently-used/kv.mod,403 Client Error: Forbidden for url: https://modeldb.science/getModelFile?model=38241&file=CA1_multi/mechanism/not-currently-used/kv.mod
4bb3ac3c8024ff6dfa07235d2ae981f8023ae024015cb6ea93d624a5df33dc93,https://modeldb.science/getModelFile?model=116081&file=mod-Files/km.mod,403 Client Error: Forbidden for url: https://modeldb.science/getModelFile?model=116081&file=mod-Files/km.mod
6e39f5badfa8077fb93f6773a6a776ed32c02c3ac34ac6da8491dfd0bb081fa9,https://modeldb.science/getModelFile?model=38241&file=CA1_multi/mechanism/not-currently-used/ourca_old.mod,403 Client Error: Forbidden for url: https://modeldb.science/getModelFile?model=38241&file=CA1_multi/mechanism/not-currently-used/ourca_old.mod
2c7dfc64c2cb8454c64ac5b6308a925f09641fd239578fb65ae31df45f9202c8,https://modeldb.science/getModelFile?model=65218&file=nrntraub/mod/kahp_deeppyr.mod,403 Client Error: Forbidden for url: https://modeldb.science/getModelFile?model=65218&file=nrntraub/mod/kahp_deeppyr.mod
b0fce551f8158d547e7d2253d830e6728a07e881ddc4dba0fb695f25fa70b700,https://modeldb.science/getModelFile?model=38241&file=CA1_multi/mechanism/not-currently-used/cadecay.mod,403 Client Error: Forbidden for url: https://modeldb.science/getModelFile?model=38241&file=CA1_multi/mechanism/not-currently-used/cadecay.mod
363c867ad81c2b2bb12cf850ec4ce27a75ba0a1060c4b11aa4072e4b9df49778,https://modeldb.science/getModelFile?model=38241&file=CA1_multi/mechanism/not-currently-used/kdrca1.mod,403 Client Error: Forbidden for url: https://modeldb.science/getModelFile?model=38241&file=CA1_multi/mechanism/not-currently-used/kdrca1.mod
8cc80b2d5b01e4b990e2f99b5a6064c4953ed341e5745b0a9faf9d03e35fac9b,https://modeldb.science/getModelFile?model=37970&file=ca3_2002/KaDM99SL.mod,403 Client Error: Forbidden for url: https://modeldb.science/getModelFile?model=37970&file=ca3_2002/KaDM99SL.mod
cbeae0ec595a398f9684029735fd7762e2a16e1ff805bbdc11eb5ba367ac70a3,https://modeldb.science/getModelFile?model=38241&file=CA1_multi/mechanism/not-currently-used/vkca.mod,403 Client Error: Forbidden for url: https://modeldb.science/getModelFile?model=38241&file=CA1_multi/mechanism/not-currently-used/vkca.mod
257286fe27cfc4f88a0a8ca619ce457ce0cb972d6c3477dde148038ca05189c7,https://modeldb.science/getModelFile?model=65218&file=nrntraub/mod/alphasynkin.mod,403 Client Error: Forbidden for url: https://modeldb.science/getModelFile?model=65218&file=nrntraub/mod/alphasynkin.mod
b45adf70131b5772c4fe1a33bf2076c52a7d9defd635964aa0a3e934e7211215,https://modeldb.science/getModelFile?model=38241&file=CA1_multi/mechanism/not-currently-used/ht.mod,403 Client Error: Forbidden for url: https://modeldb.science/getModelFile?model=38241&file=CA1_multi/mechanism/not-currently-used/ht.mod
ce176f33edd98aa7d8f1f0ef2d14592f033e0afa290c7ddb77dbe2f9000298d9,https://modeldb.science/getModelFile?model=38241&file=CA1_multi/mechanism/not-currently-used/cad_trunk.mod,403 Client Error: Forbidden for url: https://modeldb.science/getModelFile?model=38241&file=CA1_multi/mechanism/not-currently-used/cad_trunk.mod
01428cdd8cc656f470580e33a3aecf745f8b1e6d64772f66086e48d16a39b5e9,https://modeldb.science/getModelFile?model=58173&file=b05oct26/kdr.mod,403 Client Error: Forbidden for url: https://modeldb.science/getModelFile?model=58173&file=b05oct26/kdr.mod
74d068c23997f5a97b74bc5fe7f485e8b98ff7c673fd5d57932f88d0d19dc024,https://modeldb.science/getModelFile?model=38241&file=CA1_multi/mechanism/not-currently-used/kdr.mod,403 Client Error: Forbidden for url: https://modeldb.science/getModelFile?model=38241&file=CA1_multi/mechanism/not-currently-used/kdr.mod
6883e9f6355bb45c9f5835a288698890e6e46b6a5c974d6acaad213caabb30bc,https://modeldb.science/getModelFile?model=38229&file=naf_chan.mod,403 Client Error: Forbidden for url: https://modeldb.science/getModelFile?model=38229&file=naf_chan.mod
37e762bf8875d6f82dec6a2f7812ad0dfe913b3a609c67b0e334c17ef3c351d7,https://modeldb.science/getModelFile?model=38241&file=CA1_multi/mechanism/not-currently-used/cal.mod,403 Client Error: Forbidden for url: https://modeldb.science/getModelFile?model=38241&file=CA1_multi/mechanism/not-currently-used/cal.mod
1a86dbba009bfc632601e7519334911ddc22129b195c96ed74365e14fe9b327c,https://modeldb.science/getModelFile?model=38229&file=nakpump.mod,403 Client Error: Forbidden for url: https://modeldb.science/getModelFile?model=38229&file=nakpump.mod
fbede9c78da7fcfedd5ecda40bd0fe7e4474fbf765f3b9daab83009ec6890616,https://modeldb.science/getModelFile?model=58173&file=b05oct26/kahpRT03.mod,403 Client Error: Forbidden for url: https://modeldb.science/getModelFile?model=58173&file=b05oct26/kahpRT03.mod
3c153ba9f77b5c906527d56125a71a6729c2b080f2b42debbfb427ef53cfbd6b,https://modeldb.science/getModelFile?model=65218&file=nrntraub/mod/iclamp_const.mod,403 Client Error: Forbidden for url: https://modeldb.science/getModelFile?model=65218&file=nrntraub/mod/iclamp_const.mod
5d5861d423004c741aa04d3f653dd12604445eb58232b1356c8beca64e779e17,https://modeldb.science/getModelFile?model=38241&file=CA1_multi/mechanism/not-currently-used/My_can.mod,403 Client Error: Forbidden for url: https://modeldb.science/getModelFile?model=38241&file=CA1_multi/mechanism/not-currently-used/My_can.mod
5f22fc75c0f1827bbc7f5f3794b050175aa0f2cc142f5e1380ef11367ff19cfe,https://modeldb.science/getModelFile?model=65218&file=nrntraub/mod/kc_fast.mod,403 Client Error: Forbidden for url: https://modeldb.science/getModelFile?model=65218&file=nrntraub/mod/kc_fast.mod
e7b661b3a7b4d2ec98ab0e2f79fa7ac49b5dd5e14d7d139b3ae5a25060e54323,https://modeldb.science/getModelFile?model=58173&file=b05oct26/nstim.mod,403 Client Error: Forbidden for url: https://modeldb.science/getModelFile?model=58173&file=b05oct26/nstim.mod
ec56379f409e1f9fa2553ba5b7ff85550d0d9888f0f038279ad8194cec6a8c55,https://modeldb.science/getModelFile?model=37970&file=ca3_2002/KaPM99SL.mod,403 Client Error: Forbidden for url: https://modeldb.science/getModelFile?model=37970&file=ca3_2002/KaPM99SL.mod
cf4c7641fcad67fdccf6d67e0ac3ab67de29ed732f1e420a2e5518ce0a96b2ed,https://modeldb.science/getModelFile?model=38240&file=CA1/mechanism/powerpc/h.mod,403 Client Error: Forbidden for url: https://modeldb.science/getModelFile?model=38240&file=CA1/mechanism/powerpc/h.mod
4a5ab72e280a6dd72a177196e7677691d45b56a9bd6bb965158db934ecf91a26,https://modeldb.science/getModelFile?model=156034&file=integration/test/exp2synGABAA.mod,403 Client Error: Forbidden for url: https://modeldb.science/getModelFile?model=156034&file=integration/test/exp2synGABAA.mod
5078cab7d18874d0d07b9f3c33cce61378d711954adc3f06eed34c2f47db3dce,https://modeldb.science/getModelFile?model=38241&file=CA1_multi/mechanism/not-currently-used/abbott_nmda.mod,403 Client Error: Forbidden for url: https://modeldb.science/getModelFile?model=38241&file=CA1_multi/mechanism/not-currently-used/abbott_nmda.mod
c0566d8bb1681b5f08763593000e44304863283564eb05cd5cf274aa9ba3cc75,https://modeldb.science/getModelFile?model=38240&file=CA1/mechanism/powerpc/na3prox.mod,403 Client Error: Forbidden for url: https://modeldb.science/getModelFile?model=38240&file=CA1/mechanism/powerpc/na3prox.mod
cde5972406cc85c40c2b5b3a8587e7ef8bac4e39d321cc8886814a611f8d0854,https://modeldb.science/getModelFile?model=38241&file=CA1_multi/mechanism/not-currently-used/my_kca.mod,403 Client Error: Forbidden for url: https://modeldb.science/getModelFile?model=38241&file=CA1_multi/mechanism/not-currently-used/my_kca.mod
99fad47966878c4300a0e57566623cf443103d9c6ccae2a5a49d51387b17bf5d,https://modeldb.science/getModelFile?model=58173&file=b05oct26/myfit.mod,403 Client Error: Forbidden for url: https://modeldb.science/getModelFile?model=58173&file=b05oct26/myfit.mod
c3a4e19a47fd838895955c03bbe3bd93ac0de051f0aae380e786a66e70e4f82e,https://modeldb.science/getModelFile?model=65218&file=nrntraub/mod/ggap.mod,403 Client Error: Forbidden for url: https://modeldb.science/getModelFile?model=65218&file=nrntraub/mod/ggap.mod
bfee094d7231463411dfd8d6d678697da9db0291687e3ecd61b36a0ece3ba590,https://modeldb.science/getModelFile?model=185115&file=gui_trace_creation/mod_nsgportal/cadecay.mod,403 Client Error: Forbidden for url: https://modeldb.science/getModelFile?model=185115&file=gui_trace_creation/mod_nsgportal/cadecay.mod
013591ebf97adf89a64866c585b2088b1f479f7c13388a6cb8695fb7c211098f,https://modeldb.science/getModelFile?model=156034&file=integration/test/distr.mod,403 Client Error: Forbidden for url: https://modeldb.science/getModelFile?model=156034&file=integration/test/distr.mod
61f03678bfe36957d366f016889d52d34f4ff012b27ae55bbb461366c362885b,https://modeldb.science/getModelFile?model=58173&file=b05oct26/kaRT03.mod,403 Client Error: Forbidden for url: https://modeldb.science/getModelFile?model=58173&file=b05oct26/kaRT03.mod
e1aaf090ad7d005783849a64f3e2ec13e3ace914eb4e1e72cb185c9174aa3cf2,https://modeldb.science/getModelFile?model=38241&file=CA1_multi/mechanism/not-currently-used/kdr_inac.mod,403 Client Error: Forbidden for url: https://modeldb.science/getModelFile?model=38241&file=CA1_multi/mechanism/not-currently-used/kdr_inac.mod
e27ff07fbd1fa8a07465fa4566e8924ad418e5c970a0d8191dff11c8607f700d,https://modeldb.science/getModelFile?model=38241&file=CA1_multi/mechanism/not-currently-used/capump.mod,403 Client Error: Forbidden for url: https://modeldb.science/getModelFile?model=38241&file=CA1_multi/mechanism/not-currently-used/capump.mod
72b41c46ac307452604a1c508948e189f444cd782aafbe55daa6e19ab1ca2f89,https://modeldb.science/getModelFile?model=58173&file=b05oct26/misc.mod,403 Client Error: Forbidden for url: https://modeldb.science/getModelFile?model=58173&file=b05oct26/misc.mod
6ff9c6b7c050783d96021613b8056d2a8b993ed19256f48ae0b11b9327b1a836,https://modeldb.science/getModelFile?model=38241&file=CA1_multi/mechanism/not-currently-used/cagk.mod,403 Client Error: Forbidden for url: https://modeldb.science/getModelFile?model=38241&file=CA1_multi/mechanism/not-currently-used/cagk.mod
12bf464cb1657efae4c634d87783e3fbc34d479335c26eaba2d582f9ee02fd7c,https://modeldb.science/getModelFile?model=38240&file=CA1/mechanism/powerpc/na3dend.mod,403 Client Error: Forbidden for url: https://modeldb.science/getModelFile?model=38240&file=CA1/mechanism/powerpc/na3dend.mod
9c67602907e5bc9dba843db2ab1d46e36f8beb81a3de29a148692e15932d825f,https://modeldb.science/getModelFile?model=58173&file=b05oct26/cadRT03.mod,403 Client Error: Forbidden for url: https://modeldb.science/getModelFile?model=58173&file=b05oct26/cadRT03.mod
75570d253591dedcb285900d4875418f83e4d7a5a5494a6bb73b9f911e9a5443,https://modeldb.science/getModelFile?model=65218&file=nrntraub/mod/traub_nmda.mod,403 Client Error: Forbidden for url: https://modeldb.science/getModelFile?model=65218&file=nrntraub/mod/traub_nmda.mod
d4ddea20adb7464457a2aceae8518441b187917e644c418104603734f875131f,None,Invalid URL 'None': No scheme supplied. Perhaps you meant https://None?
0072d9c064e6e3dd73a4bb165dcf31b5ac1b22bfdf49ffbe7eff8dc7bf2ce094,https://modeldb.science/getModelFile?model=37970&file=ca3_2002/KdrM99SL.mod,403 Client Error: Forbidden for url: https://modeldb.science/getModelFile?model=37970&file=ca3_2002/KdrM99SL.mod
9be3409922549aa592598faf7b3d079a6fd315f8eb280f2f1ce7396b30c6c726,https://modeldb.science/getModelFile?model=65218&file=nrntraub/mod/gabaa.mod,403 Client Error: Forbidden for url: https://modeldb.science/getModelFile?model=65218&file=nrntraub/mod/gabaa.mod
b7f070404fbc239d94038429e74d5f98280ece55747617b272030000d828d3b3,https://modeldb.science/getModelFile?model=66276&file=nrntraub/mod/rand.mod,403 Client Error: Forbidden for url: https://modeldb.science/getModelFile?model=66276&file=nrntraub/mod/rand.mod
d04098891571faf61364f38e5b8c95a2634da09e5d6a9d9b8c850d37d8a8fc84,https://modeldb.science/getModelFile?model=116081&file=mod-Files/ca.mod,403 Client Error: Forbidden for url: https://modeldb.science/getModelFile?model=116081&file=mod-Files/ca.mod
6c585c84e0a0edb4ebe572ef0e9bdd951ba85ccb3a914972b0900a60af9feddc,https://modeldb.science/getModelFile?model=38229&file=kcum.mod,403 Client Error: Forbidden for url: https://modeldb.science/getModelFile?model=38229&file=kcum.mod
52d195c11e3261a03174ca6aed9916203a28320a104b2d7604af53cc4145e646,https://modeldb.science/getModelFile?model=38235&file=CoHCNS2000/coh.mod,403 Client Error: Forbidden for url: https://modeldb.science/getModelFile?model=38235&file=CoHCNS2000/coh.mod
bdb7dc3e8c2504a91e5d5b222ba72be3eb749caaade2559e3a7b2adbc960d549,https://modeldb.science/getModelFile?model=58173&file=b05oct26/cah.mod,403 Client Error: Forbidden for url: https://modeldb.science/getModelFile?model=58173&file=b05oct26/cah.mod
79b0488211bde2819176d272a3baf1ea494f7a15b602a7249328333ac19a3a96,https://modeldb.science/getModelFile?model=65218&file=nrntraub/mod/kdr_fs.mod,403 Client Error: Forbidden for url: https://modeldb.science/getModelFile?model=65218&file=nrntraub/mod/kdr_fs.mod
